<?xml version="1.0" encoding="UTF-8"?>
<testsuite xmlns:xsi="http://www.w3.org/2001/XMLSchema-instance" xsi:noNamespaceSchemaLocation="https://maven.apache.org/surefire/maven-surefire-plugin/xsd/surefire-test-report.xsd" name="org.apache.bookkeeper.BookkeeperTest" time="0.142" tests="5" errors="0" skipped="0" failures="0">
  <properties>
    <property name="java.specification.version" value="14"/>
    <property name="sun.jnu.encoding" value="UTF-8"/>
    <property name="java.class.path" value="/home/domenicoverde/Scrivania/Bookkeeper.git/bookkeeper-server/target/test-classes:/home/domenicoverde/Scrivania/Bookkeeper.git/bookkeeper-server/target/classes:/home/domenicoverde/Scrivania/Bookkeeper.git/bookkeeper-common/target/bookkeeper-common-4.11.0-SNAPSHOT.jar:/home/domenicoverde/Scrivania/Bookkeeper.git/bookkeeper-stats/target/bookkeeper-stats-api-4.11.0-SNAPSHOT.jar:/home/domenicoverde/Scrivania/Bookkeeper.git/cpu-affinity/target/cpu-affinity-4.11.0-SNAPSHOT.jar:/home/domenicoverde/.m2/repository/com/google/guava/guava/21.0/guava-21.0.jar:/home/domenicoverde/.m2/repository/io/netty/netty-common/4.1.32.Final/netty-common-4.1.32.Final.jar:/home/domenicoverde/.m2/repository/com/fasterxml/jackson/core/jackson-core/2.11.0/jackson-core-2.11.0.jar:/home/domenicoverde/.m2/repository/com/fasterxml/jackson/core/jackson-databind/2.11.0/jackson-databind-2.11.0.jar:/home/domenicoverde/.m2/repository/com/fasterxml/jackson/core/jackson-annotations/2.11.0/jackson-annotations-2.11.0.jar:/home/domenicoverde/.m2/repository/org/jctools/jctools-core/2.1.2/jctools-core-2.1.2.jar:/home/domenicoverde/Scrivania/Bookkeeper.git/bookkeeper-common-allocator/target/bookkeeper-common-allocator-4.11.0-SNAPSHOT.jar:/home/domenicoverde/.m2/repository/io/netty/netty-buffer/4.1.32.Final/netty-buffer-4.1.32.Final.jar:/home/domenicoverde/Scrivania/Bookkeeper.git/bookkeeper-proto/target/bookkeeper-proto-4.11.0-SNAPSHOT.jar:/home/domenicoverde/.m2/repository/com/google/protobuf/protobuf-java/3.5.1/protobuf-java-3.5.1.jar:/home/domenicoverde/Scrivania/Bookkeeper.git/tools/framework/target/bookkeeper-tools-framework-4.11.0-SNAPSHOT.jar:/home/domenicoverde/.m2/repository/org/rocksdb/rocksdbjni/5.13.1/rocksdbjni-5.13.1.jar:/home/domenicoverde/.m2/repository/org/slf4j/slf4j-log4j12/1.7.25/slf4j-log4j12-1.7.25.jar:/home/domenicoverde/.m2/repository/log4j/log4j/1.2.17/log4j-1.2.17.jar:/home/domenicoverde/.m2/repository/org/apache/zookeeper/zookeeper/3.5.7/zookeeper-3.5.7.jar:/home/domenicoverde/.m2/repository/org/apache/zookeeper/zookeeper-jute/3.5.7/zookeeper-jute-3.5.7.jar:/home/domenicoverde/.m2/repository/org/apache/yetus/audience-annotations/0.5.0/audience-annotations-0.5.0.jar:/home/domenicoverde/.m2/repository/io/netty/netty-handler/4.1.32.Final/netty-handler-4.1.32.Final.jar:/home/domenicoverde/.m2/repository/io/netty/netty-transport/4.1.32.Final/netty-transport-4.1.32.Final.jar:/home/domenicoverde/.m2/repository/io/netty/netty-resolver/4.1.32.Final/netty-resolver-4.1.32.Final.jar:/home/domenicoverde/.m2/repository/io/netty/netty-codec/4.1.32.Final/netty-codec-4.1.32.Final.jar:/home/domenicoverde/.m2/repository/io/netty/netty-transport-native-epoll/4.1.32.Final/netty-transport-native-epoll-4.1.32.Final-linux-x86_64.jar:/home/domenicoverde/.m2/repository/io/netty/netty-transport-native-unix-common/4.1.32.Final/netty-transport-native-unix-common-4.1.32.Final.jar:/home/domenicoverde/.m2/repository/io/netty/netty-tcnative-boringssl-static/2.0.20.Final/netty-tcnative-boringssl-static-2.0.20.Final.jar:/home/domenicoverde/Scrivania/Bookkeeper.git/bookkeeper-http/http-server/target/http-server-4.11.0-SNAPSHOT.jar:/home/domenicoverde/Scrivania/Bookkeeper.git/circe-checksum/target/circe-checksum-4.11.0-SNAPSHOT.jar:/home/domenicoverde/.m2/repository/commons-cli/commons-cli/1.2/commons-cli-1.2.jar:/home/domenicoverde/.m2/repository/commons-codec/commons-codec/1.6/commons-codec-1.6.jar:/home/domenicoverde/.m2/repository/commons-io/commons-io/2.4/commons-io-2.4.jar:/home/domenicoverde/.m2/repository/org/apache/commons/commons-lang3/3.6/commons-lang3-3.6.jar:/home/domenicoverde/.m2/repository/org/apache/commons/commons-collections4/4.1/commons-collections4-4.1.jar:/home/domenicoverde/.m2/repository/org/bouncycastle/bcpkix-jdk15on/1.60/bcpkix-jdk15on-1.60.jar:/home/domenicoverde/.m2/repository/org/bouncycastle/bcprov-jdk15on/1.60/bcprov-jdk15on-1.60.jar:/home/domenicoverde/.m2/repository/org/bouncycastle/bcprov-ext-jdk15on/1.60/bcprov-ext-jdk15on-1.60.jar:/home/domenicoverde/.m2/repository/com/beust/jcommander/1.48/jcommander-1.48.jar:/home/domenicoverde/.m2/repository/net/java/dev/jna/jna/3.2.7/jna-3.2.7.jar:/home/domenicoverde/.m2/repository/org/apache/httpcomponents/httpclient/4.5.5/httpclient-4.5.5.jar:/home/domenicoverde/.m2/repository/org/apache/httpcomponents/httpcore/4.4.9/httpcore-4.4.9.jar:/home/domenicoverde/.m2/repository/commons-logging/commons-logging/1.2/commons-logging-1.2.jar:/home/domenicoverde/.m2/repository/org/pitest/pitest-maven/1.5.1/pitest-maven-1.5.1.jar:/home/domenicoverde/.m2/repository/org/pitest/pitest-entry/1.5.1/pitest-entry-1.5.1.jar:/home/domenicoverde/.m2/repository/org/pitest/pitest/1.5.1/pitest-1.5.1.jar:/home/domenicoverde/.m2/repository/org/pitest/pitest-html-report/1.5.1/pitest-html-report-1.5.1.jar:/home/domenicoverde/.m2/repository/org/pitest/pitest-aggregator/1.5.1/pitest-aggregator-1.5.1.jar:/home/domenicoverde/.m2/repository/org/apache/maven/maven-plugin-api/2.2.1/maven-plugin-api-2.2.1.jar:/home/domenicoverde/.m2/repository/org/apache/maven/reporting/maven-reporting-api/2.2.1/maven-reporting-api-2.2.1.jar:/home/domenicoverde/.m2/repository/org/apache/maven/doxia/doxia-sink-api/1.1/doxia-sink-api-1.1.jar:/home/domenicoverde/.m2/repository/org/apache/maven/doxia/doxia-logging-api/1.1/doxia-logging-api-1.1.jar:/home/domenicoverde/.m2/repository/commons-collections/commons-collections/3.2.2/commons-collections-3.2.2.jar:/home/domenicoverde/.m2/repository/commons-beanutils/commons-beanutils/1.9.4/commons-beanutils-1.9.4.jar:/home/domenicoverde/.m2/repository/org/codehaus/plexus/plexus-utils/3.3.0/plexus-utils-3.3.0.jar:/home/domenicoverde/.m2/repository/org/apache/maven/reporting/maven-reporting-impl/2.0.4.3/maven-reporting-impl-2.0.4.3.jar:/home/domenicoverde/.m2/repository/org/apache/maven/doxia/doxia-core/1.0/doxia-core-1.0.jar:/home/domenicoverde/.m2/repository/org/apache/maven/doxia/doxia-site-renderer/1.0/doxia-site-renderer-1.0.jar:/home/domenicoverde/.m2/repository/org/codehaus/plexus/plexus-i18n/1.0-beta-7/plexus-i18n-1.0-beta-7.jar:/home/domenicoverde/.m2/repository/org/codehaus/plexus/plexus-velocity/1.1.7/plexus-velocity-1.1.7.jar:/home/domenicoverde/.m2/repository/org/apache/velocity/velocity/1.5/velocity-1.5.jar:/home/domenicoverde/.m2/repository/org/apache/maven/doxia/doxia-decoration-model/1.0/doxia-decoration-model-1.0.jar:/home/domenicoverde/.m2/repository/org/apache/maven/doxia/doxia-module-apt/1.0/doxia-module-apt-1.0.jar:/home/domenicoverde/.m2/repository/org/apache/maven/doxia/doxia-module-fml/1.0/doxia-module-fml-1.0.jar:/home/domenicoverde/.m2/repository/org/apache/maven/doxia/doxia-module-xdoc/1.0/doxia-module-xdoc-1.0.jar:/home/domenicoverde/.m2/repository/org/apache/maven/doxia/doxia-module-xhtml/1.0/doxia-module-xhtml-1.0.jar:/home/domenicoverde/.m2/repository/commons-validator/commons-validator/1.2.0/commons-validator-1.2.0.jar:/home/domenicoverde/.m2/repository/commons-digester/commons-digester/1.6/commons-digester-1.6.jar:/home/domenicoverde/.m2/repository/oro/oro/2.0.8/oro-2.0.8.jar:/home/domenicoverde/.m2/repository/xml-apis/xml-apis/1.0.b2/xml-apis-1.0.b2.jar:/home/domenicoverde/.m2/repository/org/apache/maven/shared/maven-doxia-tools/1.0.2/maven-doxia-tools-1.0.2.jar:/home/domenicoverde/.m2/repository/org/apache/maven/maven-project/2.2.1/maven-project-2.2.1.jar:/home/domenicoverde/.m2/repository/org/apache/maven/maven-settings/2.2.1/maven-settings-2.2.1.jar:/home/domenicoverde/.m2/repository/org/apache/maven/maven-profile/2.2.1/maven-profile-2.2.1.jar:/home/domenicoverde/.m2/repository/org/apache/maven/maven-model/2.2.1/maven-model-2.2.1.jar:/home/domenicoverde/.m2/repository/org/apache/maven/maven-artifact-manager/2.2.1/maven-artifact-manager-2.2.1.jar:/home/domenicoverde/.m2/repository/org/apache/maven/maven-repository-metadata/2.2.1/maven-repository-metadata-2.2.1.jar:/home/domenicoverde/.m2/repository/org/apache/maven/wagon/wagon-provider-api/1.0-beta-6/wagon-provider-api-1.0-beta-6.jar:/home/domenicoverde/.m2/repository/backport-util-concurrent/backport-util-concurrent/3.1/backport-util-concurrent-3.1.jar:/home/domenicoverde/.m2/repository/org/apache/maven/maven-plugin-registry/2.2.1/maven-plugin-registry-2.2.1.jar:/home/domenicoverde/.m2/repository/org/codehaus/plexus/plexus-interpolation/1.11/plexus-interpolation-1.11.jar:/home/domenicoverde/.m2/repository/org/codehaus/plexus/plexus-container-default/1.0-alpha-9-stable-1/plexus-container-default-1.0-alpha-9-stable-1.jar:/home/domenicoverde/.m2/repository/classworlds/classworlds/1.1-alpha-2/classworlds-1.1-alpha-2.jar:/home/domenicoverde/.m2/repository/org/apache/maven/scm/maven-scm-api/1.9.4/maven-scm-api-1.9.4.jar:/home/domenicoverde/.m2/repository/org/apache/maven/scm/maven-scm-manager-plexus/1.9.4/maven-scm-manager-plexus-1.9.4.jar:/home/domenicoverde/.m2/repository/org/codehaus/groovy/groovy-all/2.4.18/groovy-all-2.4.18.jar:/home/domenicoverde/.m2/repository/org/apache/maven/scm/maven-scm-provider-accurev/1.9.4/maven-scm-provider-accurev-1.9.4.jar:/home/domenicoverde/.m2/repository/org/apache/maven/scm/maven-scm-provider-bazaar/1.9.4/maven-scm-provider-bazaar-1.9.4.jar:/home/domenicoverde/.m2/repository/org/apache/maven/scm/maven-scm-provider-clearcase/1.9.4/maven-scm-provider-clearcase-1.9.4.jar:/home/domenicoverde/.m2/repository/org/apache/maven/scm/maven-scm-provider-cvsexe/1.9.4/maven-scm-provider-cvsexe-1.9.4.jar:/home/domenicoverde/.m2/repository/org/apache/maven/scm/maven-scm-provider-cvs-commons/1.9.4/maven-scm-provider-cvs-commons-1.9.4.jar:/home/domenicoverde/.m2/repository/org/apache/maven/scm/maven-scm-provider-cvsjava/1.9.4/maven-scm-provider-cvsjava-1.9.4.jar:/home/domenicoverde/.m2/repository/org/netbeans/lib/cvsclient/20060125/cvsclient-20060125.jar:/home/domenicoverde/.m2/repository/ch/ethz/ganymed/ganymed-ssh2/build210/ganymed-ssh2-build210.jar:/home/domenicoverde/.m2/repository/org/apache/maven/scm/maven-scm-provider-gitexe/1.9.4/maven-scm-provider-gitexe-1.9.4.jar:/home/domenicoverde/.m2/repository/org/apache/maven/scm/maven-scm-provider-git-commons/1.9.4/maven-scm-provider-git-commons-1.9.4.jar:/home/domenicoverde/.m2/repository/org/apache/maven/scm/maven-scm-provider-hg/1.9.4/maven-scm-provider-hg-1.9.4.jar:/home/domenicoverde/.m2/repository/org/apache/maven/scm/maven-scm-provider-perforce/1.9.4/maven-scm-provider-perforce-1.9.4.jar:/home/domenicoverde/.m2/repository/org/apache/maven/scm/maven-scm-provider-starteam/1.9.4/maven-scm-provider-starteam-1.9.4.jar:/home/domenicoverde/.m2/repository/org/apache/maven/scm/maven-scm-provider-svnexe/1.9.4/maven-scm-provider-svnexe-1.9.4.jar:/home/domenicoverde/.m2/repository/org/apache/maven/scm/maven-scm-provider-svn-commons/1.9.4/maven-scm-provider-svn-commons-1.9.4.jar:/home/domenicoverde/.m2/repository/org/apache/maven/scm/maven-scm-provider-synergy/1.9.4/maven-scm-provider-synergy-1.9.4.jar:/home/domenicoverde/.m2/repository/org/apache/maven/scm/maven-scm-provider-vss/1.9.4/maven-scm-provider-vss-1.9.4.jar:/home/domenicoverde/.m2/repository/org/apache/maven/scm/maven-scm-provider-tfs/1.9.4/maven-scm-provider-tfs-1.9.4.jar:/home/domenicoverde/.m2/repository/org/apache/maven/scm/maven-scm-provider-integrity/1.9.4/maven-scm-provider-integrity-1.9.4.jar:/home/domenicoverde/.m2/repository/com/mks/api/mksapi-jar/4.10.9049/mksapi-jar-4.10.9049.jar:/home/domenicoverde/.m2/repository/org/apache/maven/scm/maven-scm-provider-jazz/1.9.4/maven-scm-provider-jazz-1.9.4.jar:/home/domenicoverde/.m2/repository/org/apache/maven/surefire/surefire-booter/2.17/surefire-booter-2.17.jar:/home/domenicoverde/.m2/repository/org/apache/maven/surefire/surefire-api/2.17/surefire-api-2.17.jar:/home/domenicoverde/.m2/repository/org/apache/maven/surefire/maven-surefire-common/2.17/maven-surefire-common-2.17.jar:/home/domenicoverde/.m2/repository/org/apache/maven/plugin-tools/maven-plugin-annotations/3.2/maven-plugin-annotations-3.2.jar:/home/domenicoverde/.m2/repository/org/apache/maven/maven-plugin-descriptor/2.0.9/maven-plugin-descriptor-2.0.9.jar:/home/domenicoverde/.m2/repository/org/apache/maven/maven-core/2.0.9/maven-core-2.0.9.jar:/home/domenicoverde/.m2/repository/org/apache/maven/maven-plugin-parameter-documenter/2.0.9/maven-plugin-parameter-documenter-2.0.9.jar:/home/domenicoverde/.m2/repository/org/apache/maven/maven-error-diagnostics/2.0.9/maven-error-diagnostics-2.0.9.jar:/home/domenicoverde/.m2/repository/org/apache/maven/maven-monitor/2.0.9/maven-monitor-2.0.9.jar:/home/domenicoverde/.m2/repository/org/apache/maven/maven-artifact/2.2.1/maven-artifact-2.2.1.jar:/home/domenicoverde/.m2/repository/org/apache/maven/maven-toolchain/2.2.1/maven-toolchain-2.2.1.jar:/home/domenicoverde/.m2/repository/org/slf4j/jul-to-slf4j/1.7.12/jul-to-slf4j-1.7.12.jar:/home/domenicoverde/.m2/repository/uk/org/lidalia/sysout-over-slf4j/1.0.2/sysout-over-slf4j-1.0.2.jar:/home/domenicoverde/.m2/repository/org/projectlombok/lombok/1.18.10/lombok-1.18.10.jar:/home/domenicoverde/.m2/repository/com/github/spotbugs/spotbugs-annotations/3.1.8/spotbugs-annotations-3.1.8.jar:/home/domenicoverde/.m2/repository/com/google/code/findbugs/jsr305/3.0.2/jsr305-3.0.2.jar:/home/domenicoverde/.m2/repository/org/slf4j/slf4j-api/1.7.25/slf4j-api-1.7.25.jar:/home/domenicoverde/.m2/repository/commons-configuration/commons-configuration/1.10/commons-configuration-1.10.jar:/home/domenicoverde/.m2/repository/commons-lang/commons-lang/2.6/commons-lang-2.6.jar:/home/domenicoverde/.m2/repository/junit/junit/4.12/junit-4.12.jar:/home/domenicoverde/.m2/repository/org/hamcrest/hamcrest-core/1.3/hamcrest-core-1.3.jar:/home/domenicoverde/.m2/repository/org/hamcrest/hamcrest-all/1.3/hamcrest-all-1.3.jar:/home/domenicoverde/.m2/repository/org/mockito/mockito-core/3.0.0/mockito-core-3.0.0.jar:/home/domenicoverde/.m2/repository/net/bytebuddy/byte-buddy/1.9.10/byte-buddy-1.9.10.jar:/home/domenicoverde/.m2/repository/net/bytebuddy/byte-buddy-agent/1.9.10/byte-buddy-agent-1.9.10.jar:/home/domenicoverde/.m2/repository/org/objenesis/objenesis/2.6/objenesis-2.6.jar:/home/domenicoverde/.m2/repository/org/powermock/powermock-api-mockito2/2.0.2/powermock-api-mockito2-2.0.2.jar:/home/domenicoverde/.m2/repository/org/powermock/powermock-api-support/2.0.2/powermock-api-support-2.0.2.jar:/home/domenicoverde/.m2/repository/org/powermock/powermock-reflect/2.0.2/powermock-reflect-2.0.2.jar:/home/domenicoverde/.m2/repository/org/powermock/powermock-core/2.0.2/powermock-core-2.0.2.jar:/home/domenicoverde/.m2/repository/org/javassist/javassist/3.24.0-GA/javassist-3.24.0-GA.jar:/home/domenicoverde/.m2/repository/org/powermock/powermock-module-junit4/2.0.2/powermock-module-junit4-2.0.2.jar:/home/domenicoverde/.m2/repository/org/powermock/powermock-module-junit4-common/2.0.2/powermock-module-junit4-common-2.0.2.jar:"/>
    <property name="java.vm.vendor" value="Oracle Corporation"/>
    <property name="sun.arch.data.model" value="64"/>
    <property name="java.vendor.url" value="https://java.oracle.com/"/>
    <property name="os.name" value="Linux"/>
    <property name="java.vm.specification.version" value="14"/>
    <property name="sun.java.launcher" value="SUN_STANDARD"/>
    <property name="user.country" value="IT"/>
    <property name="sun.boot.library.path" value="/usr/lib/jvm/jdk-14.0.1/lib"/>
    <property name="sun.java.command" value="/home/domenicoverde/Scrivania/Bookkeeper.git/bookkeeper-server/target/surefire/surefirebooter11343286491794143647.jar /home/domenicoverde/Scrivania/Bookkeeper.git/bookkeeper-server/target/surefire 2020-06-18T16-24-08_787-jvmRun1 surefire7808654172049625099tmp surefire_014960667541190360679tmp"/>
    <property name="jdk.debug" value="release"/>
    <property name="surefire.test.class.path" value="/home/domenicoverde/Scrivania/Bookkeeper.git/bookkeeper-server/target/test-classes:/home/domenicoverde/Scrivania/Bookkeeper.git/bookkeeper-server/target/classes:/home/domenicoverde/Scrivania/Bookkeeper.git/bookkeeper-common/target/bookkeeper-common-4.11.0-SNAPSHOT.jar:/home/domenicoverde/Scrivania/Bookkeeper.git/bookkeeper-stats/target/bookkeeper-stats-api-4.11.0-SNAPSHOT.jar:/home/domenicoverde/Scrivania/Bookkeeper.git/cpu-affinity/target/cpu-affinity-4.11.0-SNAPSHOT.jar:/home/domenicoverde/.m2/repository/com/google/guava/guava/21.0/guava-21.0.jar:/home/domenicoverde/.m2/repository/io/netty/netty-common/4.1.32.Final/netty-common-4.1.32.Final.jar:/home/domenicoverde/.m2/repository/com/fasterxml/jackson/core/jackson-core/2.11.0/jackson-core-2.11.0.jar:/home/domenicoverde/.m2/repository/com/fasterxml/jackson/core/jackson-databind/2.11.0/jackson-databind-2.11.0.jar:/home/domenicoverde/.m2/repository/com/fasterxml/jackson/core/jackson-annotations/2.11.0/jackson-annotations-2.11.0.jar:/home/domenicoverde/.m2/repository/org/jctools/jctools-core/2.1.2/jctools-core-2.1.2.jar:/home/domenicoverde/Scrivania/Bookkeeper.git/bookkeeper-common-allocator/target/bookkeeper-common-allocator-4.11.0-SNAPSHOT.jar:/home/domenicoverde/.m2/repository/io/netty/netty-buffer/4.1.32.Final/netty-buffer-4.1.32.Final.jar:/home/domenicoverde/Scrivania/Bookkeeper.git/bookkeeper-proto/target/bookkeeper-proto-4.11.0-SNAPSHOT.jar:/home/domenicoverde/.m2/repository/com/google/protobuf/protobuf-java/3.5.1/protobuf-java-3.5.1.jar:/home/domenicoverde/Scrivania/Bookkeeper.git/tools/framework/target/bookkeeper-tools-framework-4.11.0-SNAPSHOT.jar:/home/domenicoverde/.m2/repository/org/rocksdb/rocksdbjni/5.13.1/rocksdbjni-5.13.1.jar:/home/domenicoverde/.m2/repository/org/slf4j/slf4j-log4j12/1.7.25/slf4j-log4j12-1.7.25.jar:/home/domenicoverde/.m2/repository/log4j/log4j/1.2.17/log4j-1.2.17.jar:/home/domenicoverde/.m2/repository/org/apache/zookeeper/zookeeper/3.5.7/zookeeper-3.5.7.jar:/home/domenicoverde/.m2/repository/org/apache/zookeeper/zookeeper-jute/3.5.7/zookeeper-jute-3.5.7.jar:/home/domenicoverde/.m2/repository/org/apache/yetus/audience-annotations/0.5.0/audience-annotations-0.5.0.jar:/home/domenicoverde/.m2/repository/io/netty/netty-handler/4.1.32.Final/netty-handler-4.1.32.Final.jar:/home/domenicoverde/.m2/repository/io/netty/netty-transport/4.1.32.Final/netty-transport-4.1.32.Final.jar:/home/domenicoverde/.m2/repository/io/netty/netty-resolver/4.1.32.Final/netty-resolver-4.1.32.Final.jar:/home/domenicoverde/.m2/repository/io/netty/netty-codec/4.1.32.Final/netty-codec-4.1.32.Final.jar:/home/domenicoverde/.m2/repository/io/netty/netty-transport-native-epoll/4.1.32.Final/netty-transport-native-epoll-4.1.32.Final-linux-x86_64.jar:/home/domenicoverde/.m2/repository/io/netty/netty-transport-native-unix-common/4.1.32.Final/netty-transport-native-unix-common-4.1.32.Final.jar:/home/domenicoverde/.m2/repository/io/netty/netty-tcnative-boringssl-static/2.0.20.Final/netty-tcnative-boringssl-static-2.0.20.Final.jar:/home/domenicoverde/Scrivania/Bookkeeper.git/bookkeeper-http/http-server/target/http-server-4.11.0-SNAPSHOT.jar:/home/domenicoverde/Scrivania/Bookkeeper.git/circe-checksum/target/circe-checksum-4.11.0-SNAPSHOT.jar:/home/domenicoverde/.m2/repository/commons-cli/commons-cli/1.2/commons-cli-1.2.jar:/home/domenicoverde/.m2/repository/commons-codec/commons-codec/1.6/commons-codec-1.6.jar:/home/domenicoverde/.m2/repository/commons-io/commons-io/2.4/commons-io-2.4.jar:/home/domenicoverde/.m2/repository/org/apache/commons/commons-lang3/3.6/commons-lang3-3.6.jar:/home/domenicoverde/.m2/repository/org/apache/commons/commons-collections4/4.1/commons-collections4-4.1.jar:/home/domenicoverde/.m2/repository/org/bouncycastle/bcpkix-jdk15on/1.60/bcpkix-jdk15on-1.60.jar:/home/domenicoverde/.m2/repository/org/bouncycastle/bcprov-jdk15on/1.60/bcprov-jdk15on-1.60.jar:/home/domenicoverde/.m2/repository/org/bouncycastle/bcprov-ext-jdk15on/1.60/bcprov-ext-jdk15on-1.60.jar:/home/domenicoverde/.m2/repository/com/beust/jcommander/1.48/jcommander-1.48.jar:/home/domenicoverde/.m2/repository/net/java/dev/jna/jna/3.2.7/jna-3.2.7.jar:/home/domenicoverde/.m2/repository/org/apache/httpcomponents/httpclient/4.5.5/httpclient-4.5.5.jar:/home/domenicoverde/.m2/repository/org/apache/httpcomponents/httpcore/4.4.9/httpcore-4.4.9.jar:/home/domenicoverde/.m2/repository/commons-logging/commons-logging/1.2/commons-logging-1.2.jar:/home/domenicoverde/.m2/repository/org/pitest/pitest-maven/1.5.1/pitest-maven-1.5.1.jar:/home/domenicoverde/.m2/repository/org/pitest/pitest-entry/1.5.1/pitest-entry-1.5.1.jar:/home/domenicoverde/.m2/repository/org/pitest/pitest/1.5.1/pitest-1.5.1.jar:/home/domenicoverde/.m2/repository/org/pitest/pitest-html-report/1.5.1/pitest-html-report-1.5.1.jar:/home/domenicoverde/.m2/repository/org/pitest/pitest-aggregator/1.5.1/pitest-aggregator-1.5.1.jar:/home/domenicoverde/.m2/repository/org/apache/maven/maven-plugin-api/2.2.1/maven-plugin-api-2.2.1.jar:/home/domenicoverde/.m2/repository/org/apache/maven/reporting/maven-reporting-api/2.2.1/maven-reporting-api-2.2.1.jar:/home/domenicoverde/.m2/repository/org/apache/maven/doxia/doxia-sink-api/1.1/doxia-sink-api-1.1.jar:/home/domenicoverde/.m2/repository/org/apache/maven/doxia/doxia-logging-api/1.1/doxia-logging-api-1.1.jar:/home/domenicoverde/.m2/repository/commons-collections/commons-collections/3.2.2/commons-collections-3.2.2.jar:/home/domenicoverde/.m2/repository/commons-beanutils/commons-beanutils/1.9.4/commons-beanutils-1.9.4.jar:/home/domenicoverde/.m2/repository/org/codehaus/plexus/plexus-utils/3.3.0/plexus-utils-3.3.0.jar:/home/domenicoverde/.m2/repository/org/apache/maven/reporting/maven-reporting-impl/2.0.4.3/maven-reporting-impl-2.0.4.3.jar:/home/domenicoverde/.m2/repository/org/apache/maven/doxia/doxia-core/1.0/doxia-core-1.0.jar:/home/domenicoverde/.m2/repository/org/apache/maven/doxia/doxia-site-renderer/1.0/doxia-site-renderer-1.0.jar:/home/domenicoverde/.m2/repository/org/codehaus/plexus/plexus-i18n/1.0-beta-7/plexus-i18n-1.0-beta-7.jar:/home/domenicoverde/.m2/repository/org/codehaus/plexus/plexus-velocity/1.1.7/plexus-velocity-1.1.7.jar:/home/domenicoverde/.m2/repository/org/apache/velocity/velocity/1.5/velocity-1.5.jar:/home/domenicoverde/.m2/repository/org/apache/maven/doxia/doxia-decoration-model/1.0/doxia-decoration-model-1.0.jar:/home/domenicoverde/.m2/repository/org/apache/maven/doxia/doxia-module-apt/1.0/doxia-module-apt-1.0.jar:/home/domenicoverde/.m2/repository/org/apache/maven/doxia/doxia-module-fml/1.0/doxia-module-fml-1.0.jar:/home/domenicoverde/.m2/repository/org/apache/maven/doxia/doxia-module-xdoc/1.0/doxia-module-xdoc-1.0.jar:/home/domenicoverde/.m2/repository/org/apache/maven/doxia/doxia-module-xhtml/1.0/doxia-module-xhtml-1.0.jar:/home/domenicoverde/.m2/repository/commons-validator/commons-validator/1.2.0/commons-validator-1.2.0.jar:/home/domenicoverde/.m2/repository/commons-digester/commons-digester/1.6/commons-digester-1.6.jar:/home/domenicoverde/.m2/repository/oro/oro/2.0.8/oro-2.0.8.jar:/home/domenicoverde/.m2/repository/xml-apis/xml-apis/1.0.b2/xml-apis-1.0.b2.jar:/home/domenicoverde/.m2/repository/org/apache/maven/shared/maven-doxia-tools/1.0.2/maven-doxia-tools-1.0.2.jar:/home/domenicoverde/.m2/repository/org/apache/maven/maven-project/2.2.1/maven-project-2.2.1.jar:/home/domenicoverde/.m2/repository/org/apache/maven/maven-settings/2.2.1/maven-settings-2.2.1.jar:/home/domenicoverde/.m2/repository/org/apache/maven/maven-profile/2.2.1/maven-profile-2.2.1.jar:/home/domenicoverde/.m2/repository/org/apache/maven/maven-model/2.2.1/maven-model-2.2.1.jar:/home/domenicoverde/.m2/repository/org/apache/maven/maven-artifact-manager/2.2.1/maven-artifact-manager-2.2.1.jar:/home/domenicoverde/.m2/repository/org/apache/maven/maven-repository-metadata/2.2.1/maven-repository-metadata-2.2.1.jar:/home/domenicoverde/.m2/repository/org/apache/maven/wagon/wagon-provider-api/1.0-beta-6/wagon-provider-api-1.0-beta-6.jar:/home/domenicoverde/.m2/repository/backport-util-concurrent/backport-util-concurrent/3.1/backport-util-concurrent-3.1.jar:/home/domenicoverde/.m2/repository/org/apache/maven/maven-plugin-registry/2.2.1/maven-plugin-registry-2.2.1.jar:/home/domenicoverde/.m2/repository/org/codehaus/plexus/plexus-interpolation/1.11/plexus-interpolation-1.11.jar:/home/domenicoverde/.m2/repository/org/codehaus/plexus/plexus-container-default/1.0-alpha-9-stable-1/plexus-container-default-1.0-alpha-9-stable-1.jar:/home/domenicoverde/.m2/repository/classworlds/classworlds/1.1-alpha-2/classworlds-1.1-alpha-2.jar:/home/domenicoverde/.m2/repository/org/apache/maven/scm/maven-scm-api/1.9.4/maven-scm-api-1.9.4.jar:/home/domenicoverde/.m2/repository/org/apache/maven/scm/maven-scm-manager-plexus/1.9.4/maven-scm-manager-plexus-1.9.4.jar:/home/domenicoverde/.m2/repository/org/codehaus/groovy/groovy-all/2.4.18/groovy-all-2.4.18.jar:/home/domenicoverde/.m2/repository/org/apache/maven/scm/maven-scm-provider-accurev/1.9.4/maven-scm-provider-accurev-1.9.4.jar:/home/domenicoverde/.m2/repository/org/apache/maven/scm/maven-scm-provider-bazaar/1.9.4/maven-scm-provider-bazaar-1.9.4.jar:/home/domenicoverde/.m2/repository/org/apache/maven/scm/maven-scm-provider-clearcase/1.9.4/maven-scm-provider-clearcase-1.9.4.jar:/home/domenicoverde/.m2/repository/org/apache/maven/scm/maven-scm-provider-cvsexe/1.9.4/maven-scm-provider-cvsexe-1.9.4.jar:/home/domenicoverde/.m2/repository/org/apache/maven/scm/maven-scm-provider-cvs-commons/1.9.4/maven-scm-provider-cvs-commons-1.9.4.jar:/home/domenicoverde/.m2/repository/org/apache/maven/scm/maven-scm-provider-cvsjava/1.9.4/maven-scm-provider-cvsjava-1.9.4.jar:/home/domenicoverde/.m2/repository/org/netbeans/lib/cvsclient/20060125/cvsclient-20060125.jar:/home/domenicoverde/.m2/repository/ch/ethz/ganymed/ganymed-ssh2/build210/ganymed-ssh2-build210.jar:/home/domenicoverde/.m2/repository/org/apache/maven/scm/maven-scm-provider-gitexe/1.9.4/maven-scm-provider-gitexe-1.9.4.jar:/home/domenicoverde/.m2/repository/org/apache/maven/scm/maven-scm-provider-git-commons/1.9.4/maven-scm-provider-git-commons-1.9.4.jar:/home/domenicoverde/.m2/repository/org/apache/maven/scm/maven-scm-provider-hg/1.9.4/maven-scm-provider-hg-1.9.4.jar:/home/domenicoverde/.m2/repository/org/apache/maven/scm/maven-scm-provider-perforce/1.9.4/maven-scm-provider-perforce-1.9.4.jar:/home/domenicoverde/.m2/repository/org/apache/maven/scm/maven-scm-provider-starteam/1.9.4/maven-scm-provider-starteam-1.9.4.jar:/home/domenicoverde/.m2/repository/org/apache/maven/scm/maven-scm-provider-svnexe/1.9.4/maven-scm-provider-svnexe-1.9.4.jar:/home/domenicoverde/.m2/repository/org/apache/maven/scm/maven-scm-provider-svn-commons/1.9.4/maven-scm-provider-svn-commons-1.9.4.jar:/home/domenicoverde/.m2/repository/org/apache/maven/scm/maven-scm-provider-synergy/1.9.4/maven-scm-provider-synergy-1.9.4.jar:/home/domenicoverde/.m2/repository/org/apache/maven/scm/maven-scm-provider-vss/1.9.4/maven-scm-provider-vss-1.9.4.jar:/home/domenicoverde/.m2/repository/org/apache/maven/scm/maven-scm-provider-tfs/1.9.4/maven-scm-provider-tfs-1.9.4.jar:/home/domenicoverde/.m2/repository/org/apache/maven/scm/maven-scm-provider-integrity/1.9.4/maven-scm-provider-integrity-1.9.4.jar:/home/domenicoverde/.m2/repository/com/mks/api/mksapi-jar/4.10.9049/mksapi-jar-4.10.9049.jar:/home/domenicoverde/.m2/repository/org/apache/maven/scm/maven-scm-provider-jazz/1.9.4/maven-scm-provider-jazz-1.9.4.jar:/home/domenicoverde/.m2/repository/org/apache/maven/surefire/surefire-booter/2.17/surefire-booter-2.17.jar:/home/domenicoverde/.m2/repository/org/apache/maven/surefire/surefire-api/2.17/surefire-api-2.17.jar:/home/domenicoverde/.m2/repository/org/apache/maven/surefire/maven-surefire-common/2.17/maven-surefire-common-2.17.jar:/home/domenicoverde/.m2/repository/org/apache/maven/plugin-tools/maven-plugin-annotations/3.2/maven-plugin-annotations-3.2.jar:/home/domenicoverde/.m2/repository/org/apache/maven/maven-plugin-descriptor/2.0.9/maven-plugin-descriptor-2.0.9.jar:/home/domenicoverde/.m2/repository/org/apache/maven/maven-core/2.0.9/maven-core-2.0.9.jar:/home/domenicoverde/.m2/repository/org/apache/maven/maven-plugin-parameter-documenter/2.0.9/maven-plugin-parameter-documenter-2.0.9.jar:/home/domenicoverde/.m2/repository/org/apache/maven/maven-error-diagnostics/2.0.9/maven-error-diagnostics-2.0.9.jar:/home/domenicoverde/.m2/repository/org/apache/maven/maven-monitor/2.0.9/maven-monitor-2.0.9.jar:/home/domenicoverde/.m2/repository/org/apache/maven/maven-artifact/2.2.1/maven-artifact-2.2.1.jar:/home/domenicoverde/.m2/repository/org/apache/maven/maven-toolchain/2.2.1/maven-toolchain-2.2.1.jar:/home/domenicoverde/.m2/repository/org/slf4j/jul-to-slf4j/1.7.12/jul-to-slf4j-1.7.12.jar:/home/domenicoverde/.m2/repository/uk/org/lidalia/sysout-over-slf4j/1.0.2/sysout-over-slf4j-1.0.2.jar:/home/domenicoverde/.m2/repository/org/projectlombok/lombok/1.18.10/lombok-1.18.10.jar:/home/domenicoverde/.m2/repository/com/github/spotbugs/spotbugs-annotations/3.1.8/spotbugs-annotations-3.1.8.jar:/home/domenicoverde/.m2/repository/com/google/code/findbugs/jsr305/3.0.2/jsr305-3.0.2.jar:/home/domenicoverde/.m2/repository/org/slf4j/slf4j-api/1.7.25/slf4j-api-1.7.25.jar:/home/domenicoverde/.m2/repository/commons-configuration/commons-configuration/1.10/commons-configuration-1.10.jar:/home/domenicoverde/.m2/repository/commons-lang/commons-lang/2.6/commons-lang-2.6.jar:/home/domenicoverde/.m2/repository/junit/junit/4.12/junit-4.12.jar:/home/domenicoverde/.m2/repository/org/hamcrest/hamcrest-core/1.3/hamcrest-core-1.3.jar:/home/domenicoverde/.m2/repository/org/hamcrest/hamcrest-all/1.3/hamcrest-all-1.3.jar:/home/domenicoverde/.m2/repository/org/mockito/mockito-core/3.0.0/mockito-core-3.0.0.jar:/home/domenicoverde/.m2/repository/net/bytebuddy/byte-buddy/1.9.10/byte-buddy-1.9.10.jar:/home/domenicoverde/.m2/repository/net/bytebuddy/byte-buddy-agent/1.9.10/byte-buddy-agent-1.9.10.jar:/home/domenicoverde/.m2/repository/org/objenesis/objenesis/2.6/objenesis-2.6.jar:/home/domenicoverde/.m2/repository/org/powermock/powermock-api-mockito2/2.0.2/powermock-api-mockito2-2.0.2.jar:/home/domenicoverde/.m2/repository/org/powermock/powermock-api-support/2.0.2/powermock-api-support-2.0.2.jar:/home/domenicoverde/.m2/repository/org/powermock/powermock-reflect/2.0.2/powermock-reflect-2.0.2.jar:/home/domenicoverde/.m2/repository/org/powermock/powermock-core/2.0.2/powermock-core-2.0.2.jar:/home/domenicoverde/.m2/repository/org/javassist/javassist/3.24.0-GA/javassist-3.24.0-GA.jar:/home/domenicoverde/.m2/repository/org/powermock/powermock-module-junit4/2.0.2/powermock-module-junit4-2.0.2.jar:/home/domenicoverde/.m2/repository/org/powermock/powermock-module-junit4-common/2.0.2/powermock-module-junit4-common-2.0.2.jar:"/>
    <property name="sun.cpu.endian" value="little"/>
    <property name="user.home" value="/home/domenicoverde"/>
    <property name="user.language" value="it"/>
    <property name="java.specification.vendor" value="Oracle Corporation"/>
    <property name="java.version.date" value="2020-04-14"/>
    <property name="java.home" value="/usr/lib/jvm/jdk-14.0.1"/>
    <property name="file.separator" value="/"/>
    <property name="basedir" value="/home/domenicoverde/Scrivania/Bookkeeper.git/bookkeeper-server"/>
    <property name="java.vm.compressedOopsMode" value="32-bit"/>
    <property name="line.separator" value="&#10;"/>
    <property name="java.vm.specification.vendor" value="Oracle Corporation"/>
    <property name="java.specification.name" value="Java Platform API Specification"/>
    <property name="surefire.real.class.path" value="/home/domenicoverde/Scrivania/Bookkeeper.git/bookkeeper-server/target/surefire/surefirebooter11343286491794143647.jar"/>
    <property name="sun.management.compiler" value="HotSpot 64-Bit Tiered Compilers"/>
    <property name="java.runtime.version" value="14.0.1+7"/>
    <property name="user.name" value="domenicoverde"/>
    <property name="path.separator" value=":"/>
    <property name="os.version" value="4.15.0-106-generic"/>
    <property name="java.runtime.name" value="Java(TM) SE Runtime Environment"/>
    <property name="file.encoding" value="UTF-8"/>
    <property name="java.vm.name" value="Java HotSpot(TM) 64-Bit Server VM"/>
    <property name="localRepository" value="/home/domenicoverde/.m2/repository"/>
    <property name="java.vendor.url.bug" value="https://bugreport.java.com/bugreport/"/>
    <property name="java.io.tmpdir" value="/tmp"/>
    <property name="java.version" value="14.0.1"/>
    <property name="user.dir" value="/home/domenicoverde/Scrivania/Bookkeeper.git/bookkeeper-server"/>
    <property name="os.arch" value="amd64"/>
    <property name="java.vm.specification.name" value="Java Virtual Machine Specification"/>
    <property name="java.library.path" value="/usr/java/packages/lib:/usr/lib64:/lib64:/lib:/usr/lib"/>
    <property name="java.vm.info" value="mixed mode, sharing"/>
    <property name="java.vendor" value="Oracle Corporation"/>
    <property name="java.vm.version" value="14.0.1+7"/>
    <property name="sun.io.unicode.encoding" value="UnicodeLittle"/>
    <property name="java.class.version" value="58.0"/>
  </properties>
  <testcase name="test1CP" classname="org.apache.bookkeeper.BookkeeperTest" time="0"/>
  <testcase name="test2CP" classname="org.apache.bookkeeper.BookkeeperTest" time="0.001"/>
  <testcase name="test3CP" classname="org.apache.bookkeeper.BookkeeperTest" time="0.009"/>
  <testcase name="test4CP" classname="org.apache.bookkeeper.BookkeeperTest" time="0.008"/>
  <testcase name="test5CP" classname="org.apache.bookkeeper.BookkeeperTest" time="0.001"/>
</testsuite>